2025-05-26 02:33:58,324 INFO supervisord started with pid 1
2025-05-26 02:33:59,327 INFO spawned: 'nginx' with pid 7
2025-05-26 02:33:59,328 INFO spawned: 'php-fpm' with pid 8
2025-05-26 02:33:59,333 WARN exited: nginx (exit status 1; not expected)
2025-05-26 02:34:00,360 INFO spawned: 'nginx' with pid 11
2025-05-26 02:34:00,360 INFO success: php-fpm entered RUNNING state, process has stayed up for > than 1 seconds (startsecs)
2025-05-26 02:34:00,367 WARN exited: nginx (exit status 1; not expected)
2025-05-26 02:34:02,375 INFO spawned: 'nginx' with pid 12
2025-05-26 02:34:02,383 WARN exited: nginx (exit status 1; not expected)
2025-05-26 02:34:05,394 INFO spawned: 'nginx' with pid 22
2025-05-26 02:34:05,403 WARN exited: nginx (exit status 1; not expected)
2025-05-26 02:34:06,406 INFO gave up: nginx entered FATAL state, too many start retries too quickly
2025-05-26 02:55:47,088 WARN received SIGQUIT indicating exit request
2025-05-26 02:55:47,090 INFO waiting for php-fpm to die
2025-05-26 02:55:47,105 INFO stopped: php-fpm (exit status 0)
2025-05-26 15:40:31,532 INFO supervisord started with pid 1
2025-05-26 15:40:32,537 INFO spawned: 'nginx' with pid 7
2025-05-26 15:40:32,542 INFO spawned: 'php-fpm' with pid 8
2025-05-26 15:40:32,542 WARN received SIGQUIT indicating exit request
2025-05-26 15:40:32,543 INFO waiting for nginx, php-fpm to die
2025-05-26 15:40:32,571 WARN exited: nginx (exit status 1; not expected)
2025-05-26 15:40:35,640 INFO waiting for nginx, php-fpm to die
2025-05-26 15:40:38,646 INFO waiting for nginx, php-fpm to die
2025-05-26 15:40:41,654 INFO waiting for nginx, php-fpm to die
2025-05-26 15:41:42,167 INFO supervisord started with pid 1
2025-05-26 15:41:43,172 INFO spawned: 'nginx' with pid 7
2025-05-26 15:41:43,174 INFO spawned: 'php-fpm' with pid 8
2025-05-26 15:41:43,179 WARN exited: nginx (exit status 1; not expected)
2025-05-26 15:41:44,203 INFO spawned: 'nginx' with pid 11
2025-05-26 15:41:44,204 INFO success: php-fpm entered RUNNING state, process has stayed up for > than 1 seconds (startsecs)
2025-05-26 15:41:44,211 WARN exited: nginx (exit status 1; not expected)
2025-05-26 15:41:46,216 INFO spawned: 'nginx' with pid 12
2025-05-26 15:41:46,223 WARN exited: nginx (exit status 1; not expected)
2025-05-26 15:41:49,236 INFO spawned: 'nginx' with pid 22
2025-05-26 15:41:49,244 WARN exited: nginx (exit status 1; not expected)
2025-05-26 15:41:50,247 INFO gave up: nginx entered FATAL state, too many start retries too quickly
2025-05-26 15:41:59,267 WARN received SIGQUIT indicating exit request
2025-05-26 15:41:59,269 INFO waiting for php-fpm to die
2025-05-26 15:41:59,281 INFO stopped: php-fpm (exit status 0)
2025-05-26 15:43:24,144 CRIT Supervisor is running as root.  Privileges were not dropped because no user is specified in the config file.  If you intend to run as root, you can set user=root in the config file to avoid this message.
2025-05-26 15:43:24,145 INFO supervisord started with pid 1
2025-05-26 15:43:25,151 INFO spawned: 'nginx' with pid 7
2025-05-26 15:43:25,155 INFO spawned: 'php-fpm' with pid 8
2025-05-26 15:43:25,165 WARN exited: nginx (exit status 1; not expected)
2025-05-26 15:43:25,191 WARN exited: php-fpm (exit status 78; not expected)
2025-05-26 15:43:26,196 INFO spawned: 'nginx' with pid 9
2025-05-26 15:43:26,198 INFO spawned: 'php-fpm' with pid 10
2025-05-26 15:43:26,206 WARN exited: nginx (exit status 1; not expected)
2025-05-26 15:43:26,233 WARN exited: php-fpm (exit status 78; not expected)
2025-05-26 15:43:28,242 INFO spawned: 'nginx' with pid 11
2025-05-26 15:43:28,245 INFO spawned: 'php-fpm' with pid 12
2025-05-26 15:43:28,259 WARN exited: nginx (exit status 1; not expected)
2025-05-26 15:43:28,284 WARN exited: php-fpm (exit status 78; not expected)
2025-05-26 15:43:31,296 INFO spawned: 'nginx' with pid 22
2025-05-26 15:43:31,299 INFO spawned: 'php-fpm' with pid 23
2025-05-26 15:43:31,304 WARN exited: nginx (exit status 1; not expected)
2025-05-26 15:43:31,322 INFO gave up: nginx entered FATAL state, too many start retries too quickly
2025-05-26 15:43:31,331 WARN exited: php-fpm (exit status 78; not expected)
2025-05-26 15:43:32,333 INFO gave up: php-fpm entered FATAL state, too many start retries too quickly
2025-05-26 15:44:25,463 WARN received SIGQUIT indicating exit request
