{"timestamp":"2025-06-21 16:28:02","type":"ERROR","event_name":"System Error","error":"An unexpected error occurred: Webhook signature verification failed: No signatures found matching the expected signature for payload"}
{"timestamp":"2025-06-21 16:34:16","type":"ERROR","event_name":"System Error","error":"An unexpected error occurred: Webhook signature verification failed: No signatures found matching the expected signature for payload"}
{"timestamp":"2025-06-21 16:41:14","type":"ERROR","event_name":"System Error","error":"An unexpected error occurred: Webhook signature verification failed: No signatures found matching the expected signature for payload"}
{"timestamp":"2025-06-21 16:41:20","type":"ERROR","event_name":"System Error","error":"An unexpected error occurred: Webhook signature verification failed: No signatures found matching the expected signature for payload"}
{"timestamp":"2025-06-21 16:41:21","type":"ERROR","event_name":"System Error","error":"An unexpected error occurred: Webhook signature verification failed: No signatures found matching the expected signature for payload"}
{"timestamp":"2025-06-21 16:41:21","type":"ERROR","event_name":"System Error","error":"An unexpected error occurred: Webhook signature verification failed: No signatures found matching the expected signature for payload"}
{"timestamp":"2025-06-21 16:41:21","type":"ERROR","event_name":"System Error","error":"An unexpected error occurred: Webhook signature verification failed: No signatures found matching the expected signature for payload"}
{"timestamp":"2025-06-21 16:41:22","type":"ERROR","event_name":"System Error","error":"An unexpected error occurred: Webhook signature verification failed: No signatures found matching the expected signature for payload"}
{"timestamp":"2025-06-21 16:41:25","type":"ERROR","event_name":"System Error","error":"An unexpected error occurred: Webhook signature verification failed: No signatures found matching the expected signature for payload"}
{"timestamp":"2025-06-21 16:41:37","type":"ERROR","event_name":"System Error","error":"An unexpected error occurred: Webhook signature verification failed: No signatures found matching the expected signature for payload"}
{"timestamp":"2025-06-21 16:41:44","type":"ERROR","event_name":"System Error","error":"An unexpected error occurred: Webhook signature verification failed: No signatures found matching the expected signature for payload"}
{"timestamp":"2025-06-21 16:41:56","type":"ERROR","event_name":"System Error","error":"An unexpected error occurred: Webhook signature verification failed: No signatures found matching the expected signature for payload"}
{"timestamp":"2025-06-21 16:42:07","type":"ERROR","event_name":"System Error","error":"An unexpected error occurred: Webhook signature verification failed: No signatures found matching the expected signature for payload"}
{"timestamp":"2025-06-21 16:42:07","type":"ERROR","event_name":"System Error","error":"An unexpected error occurred: Webhook signature verification failed: No signatures found matching the expected signature for payload"}
{"timestamp":"2025-06-21 16:42:07","type":"ERROR","event_name":"System Error","error":"An unexpected error occurred: Webhook signature verification failed: No signatures found matching the expected signature for payload"}
{"timestamp":"2025-06-21 16:42:10","type":"ERROR","event_name":"System Error","error":"An unexpected error occurred: Webhook signature verification failed: No signatures found matching the expected signature for payload"}
{"timestamp":"2025-06-21 16:47:39","type":"ERROR","event_name":"System Error","error":"An unexpected error occurred: Webhook signature verification failed: No signatures found matching the expected signature for payload"}
{"timestamp":"2025-06-21 17:41:44","type":"ERROR","event_name":"System Error","error":"An unexpected error occurred: Webhook signature verification failed: No signatures found matching the expected signature for payload"}
{"timestamp":"2025-06-21 17:41:50","type":"ERROR","event_name":"System Error","error":"An unexpected error occurred: Webhook signature verification failed: No signatures found matching the expected signature for payload"}
{"timestamp":"2025-06-21 17:52:54","type":"SUCCESS","event_name":"Payment Created","event_id":"evt_3RcVazP0DEEpnflM1BmXv4GF","message":"Event processed successfully: Event was processed successfully"}
{"timestamp":"2025-06-21 17:52:56","type":"SUCCESS","event_name":"Payment Created","event_id":"evt_3RcVb1P0DEEpnflM0uAWSDsp","message":"Event processed successfully: Event was processed successfully"}
{"timestamp":"2025-06-21 17:52:58","type":"SUCCESS","event_name":"Payment Created","event_id":"evt_3RcVb2P0DEEpnflM0DzOeGe9","message":"Event processed successfully: Event was processed successfully"}
{"timestamp":"2025-06-21 17:52:58","type":"SUCCESS","event_name":"Payment Created","event_id":"evt_3RcVb3P0DEEpnflM1HTLcb0i","message":"Event processed successfully: Event was processed successfully"}
{"timestamp":"2025-06-21 17:53:04","type":"SUCCESS","event_name":"Payment Created","event_id":"evt_3RcVb9P0DEEpnflM0vC5o8Nt","message":"Event processed successfully: Event was processed successfully"}
{"timestamp":"2025-06-21 17:53:19","type":"SUCCESS","event_name":"Setup Intent Created","event_id":"evt_1RcVbPP0DEEpnflMmMOnXGnF","message":"Event processed successfully: Event was processed successfully"}
{"timestamp":"2025-06-21 19:25:33","type":"SUCCESS","event_name":"Charge Succeeded","event_id":"evt_3RcX2eP0DEEpnflM117cvUTW","message":"Event processed successfully: Event was processed successfully"}
{"timestamp":"2025-06-21 19:25:34","type":"SUCCESS","event_name":"Payment Succeeded","event_id":"evt_3RcX2eP0DEEpnflM130ccKQ1","message":"Event processed successfully: Payment was successfully processed"}
{"timestamp":"2025-06-21 19:25:34","type":"SUCCESS","event_name":"Payment Created","event_id":"evt_3RcX2eP0DEEpnflM1YnXzHvG","message":"Event processed successfully: Event was processed successfully"}
{"timestamp":"2025-06-21 19:25:35","type":"SUCCESS","event_name":"Charge Updated","event_id":"evt_3RcX2eP0DEEpnflM1w3YIRVN","message":"Event processed successfully: Event was processed successfully"}
{"timestamp":"2025-06-21 19:27:16","type":"SUCCESS","event_name":"Payment Created","event_id":"evt_3RcX4JP0DEEpnflM0eS248Qk","message":"Event processed successfully: Event was processed successfully"}
{"timestamp":"2025-06-21 19:27:40","type":"SUCCESS","event_name":"Payment Created","event_id":"evt_3RcX4hP0DEEpnflM0NkPTLjM","message":"Event processed successfully: Event was processed successfully"}
{"timestamp":"2025-06-21 19:27:43","type":"SUCCESS","event_name":"Payment Created","event_id":"evt_3RcX4kP0DEEpnflM1TP01GGX","message":"Event processed successfully: Event was processed successfully"}
{"timestamp":"2025-06-21 19:50:56","type":"SUCCESS","event_name":"Payment Created","event_id":"evt_3RcXREP0DEEpnflM0sCgLfC6","message":"Event processed successfully: Event was processed successfully"}
{"timestamp":"2025-06-21 20:00:55","type":"SUCCESS","event_name":"Payment Created","event_id":"evt_3RcXasP0DEEpnflM1MjasXrI","message":"Event processed successfully: Event was processed successfully"}
{"timestamp":"2025-06-21 20:01:19","type":"SUCCESS","event_name":"Payment Intent Canceled","event_id":"evt_3RcXasP0DEEpnflM1rXTmcdJ","message":"Event processed successfully: Event was processed successfully"}
{"timestamp":"2025-06-21 20:02:40","type":"SUCCESS","event_name":"Setup Intent Created","event_id":"evt_1RcXcZP0DEEpnflMZWA9TYnw","message":"Event processed successfully: Event was processed successfully"}
{"timestamp":"2025-06-21 20:03:06","type":"SUCCESS","event_name":"Setup Intent Succeeded","event_id":"evt_1RcXczP0DEEpnflMtVVwDKLz","message":"Event processed successfully: Payment method was successfully set up"}
{"timestamp":"2025-06-21 20:04:02","type":"SUCCESS","event_name":"Product Created","event_id":"evt_1RcXdtP0DEEpnflMkMwrSxc7","message":"Event processed successfully: Event was processed successfully"}
{"timestamp":"2025-06-21 20:04:13","type":"SUCCESS","event_name":"Product Updated","event_id":"evt_1RcXe4P0DEEpnflMH0l5hdOe","message":"Event processed successfully: Event was processed successfully"}
{"timestamp":"2025-06-21 20:04:18","type":"SUCCESS","event_name":"Product Updated","event_id":"evt_1RcXe9P0DEEpnflMXDPZr2eU","message":"Event processed successfully: Event was processed successfully"}
{"timestamp":"2025-06-21 20:04:21","type":"SUCCESS","event_name":"Product Updated","event_id":"evt_1RcXeCP0DEEpnflMftk4alyd","message":"Event processed successfully: Event was processed successfully"}
{"timestamp":"2025-06-21 20:04:23","type":"SUCCESS","event_name":"Product Updated","event_id":"evt_1RcXeEP0DEEpnflMwX9lzhQU","message":"Event processed successfully: Event was processed successfully"}
{"timestamp":"2025-06-21 20:04:29","type":"SUCCESS","event_name":"Product Deleted","event_id":"evt_1RcXeKP0DEEpnflMh7Ce9V8s","message":"Event processed successfully: Event was processed successfully"}
